\BOOKMARK [1][-]{section.1}{Introduction}{}% 1
\BOOKMARK [1][-]{section.2}{Background}{}% 2
\BOOKMARK [2][-]{subsection.2.1}{Measurement Systems}{section.2}% 3
\BOOKMARK [2][-]{subsection.2.2}{Literature Survey}{section.2}% 4
\BOOKMARK [2][-]{subsection.2.3}{Optics and the Use of Total Internal Reflection}{section.2}% 5
\BOOKMARK [2][-]{subsection.2.4}{Real World Challenges \(Noise and Its Effects\)}{section.2}% 6
\BOOKMARK [1][-]{section.3}{Design}{}% 7
\BOOKMARK [2][-]{subsection.3.1}{Transmitter}{section.3}% 8
\BOOKMARK [2][-]{subsection.3.2}{Receiver}{section.3}% 9
\BOOKMARK [2][-]{subsection.3.3}{Anti-Aliasing}{section.3}% 10
\BOOKMARK [3][-]{subsubsection.3.3.1}{Smartness}{subsection.3.3}% 11
\BOOKMARK [1][-]{section.4}{Simulation Results}{}% 12
\BOOKMARK [1][-]{section.5}{Static and Dynamic Characteristics}{}% 13
\BOOKMARK [2][-]{subsection.5.1}{Resolution}{section.5}% 14
\BOOKMARK [2][-]{subsection.5.2}{Operating Temperature}{section.5}% 15
\BOOKMARK [2][-]{subsection.5.3}{Steady State Error}{section.5}% 16
\BOOKMARK [2][-]{subsection.5.4}{Settling Time}{section.5}% 17
\BOOKMARK [2][-]{subsection.5.5}{Dynamic Error}{section.5}% 18
\BOOKMARK [1][-]{section.6}{SWAT Analysis}{}% 19
\BOOKMARK [2][-]{subsection.6.1}{Strengths}{section.6}% 20
\BOOKMARK [2][-]{subsection.6.2}{Weaknesses}{section.6}% 21
\BOOKMARK [2][-]{subsection.6.3}{Advantages}{section.6}% 22
\BOOKMARK [2][-]{subsection.6.4}{Threats}{section.6}% 23
\BOOKMARK [1][-]{section.7}{Conclusion}{}% 24
\BOOKMARK [1][-]{section*.2}{References}{}% 25
